<?xml version="1.0" encoding="UTF-8"?>
<!-- Generated by org.testng.reporters.JUnitXMLReporter -->
<testsuite ignored="0" hostname="DESKTOP-ER2N3OM" failures="1" tests="6" name="Edge" time="124.399" errors="0" timestamp="2026-01-13T23:37:29 EST">
  <testcase classname="io.cucumber.testng.AbstractTestNGCucumberTests" name="runScenario" time="0.2">
    <failure type="java.lang.AssertionError">
      <![CDATA[java.lang.AssertionError
at com.google.gson.internal.LinkedTreeMap.replaceInParent(LinkedTreeMap.java:318)
at com.google.gson.internal.LinkedTreeMap.rotateLeft(LinkedTreeMap.java:408)
at com.google.gson.internal.LinkedTreeMap.rebalance(LinkedTreeMap.java:349)
at com.google.gson.internal.LinkedTreeMap.removeInternal(LinkedTreeMap.java:294)
at com.google.gson.internal.LinkedTreeMap.removeInternal(LinkedTreeMap.java:261)
at com.google.gson.internal.LinkedTreeMap.removeInternalByKey(LinkedTreeMap.java:302)
at com.google.gson.internal.LinkedTreeMap.remove(LinkedTreeMap.java:134)
at com.aventstack.extentreports.gherkin.GherkinDialect.<init>(GherkinDialect.java:26)
at com.aventstack.extentreports.gherkin.GherkinDialectManager.setLanguage(GherkinDialectManager.java:76)
at com.aventstack.extentreports.ExtentReports.setGherkinDialect(ExtentReports.java:446)
at com.aventstack.extentreports.cucumber.adapter.ExtentCucumberAdapter.createFeature(ExtentCucumberAdapter.java:314)
at com.aventstack.extentreports.cucumber.adapter.ExtentCucumberAdapter.handleStartOfFeature(ExtentCucumberAdapter.java:307)
at com.aventstack.extentreports.cucumber.adapter.ExtentCucumberAdapter.handleTestCaseStarted(ExtentCucumberAdapter.java:161)
at com.aventstack.extentreports.cucumber.adapter.ExtentCucumberAdapter$3.receive(ExtentCucumberAdapter.java:107)
at com.aventstack.extentreports.cucumber.adapter.ExtentCucumberAdapter$3.receive(ExtentCucumberAdapter.java:104)
at io.cucumber.core.eventbus.AbstractEventPublisher.send(AbstractEventPublisher.java:51)
at io.cucumber.core.eventbus.AbstractEventBus.send(AbstractEventBus.java:12)
at io.cucumber.core.runtime.SynchronizedEventBus.send(SynchronizedEventBus.java:47)
at io.cucumber.core.runtime.ThreadLocalRunnerSupplier$LocalEventBus.send(ThreadLocalRunnerSupplier.java:62)
at io.cucumber.core.runner.TestCase.emitTestCaseStarted(TestCase.java:206)
at io.cucumber.core.runner.TestCase.run(TestCase.java:72)
at io.cucumber.core.runner.Runner.runPickle(Runner.java:75)
at io.cucumber.testng.TestNGCucumberRunner.lambda$runScenario$1(TestNGCucumberRunner.java:132)
at io.cucumber.core.runtime.CucumberExecutionContext.lambda$runTestCase$5(CucumberExecutionContext.java:136)
at io.cucumber.core.runtime.RethrowingThrowableCollector.executeAndThrow(RethrowingThrowableCollector.java:23)
at io.cucumber.core.runtime.CucumberExecutionContext.runTestCase(CucumberExecutionContext.java:136)
at io.cucumber.testng.TestNGCucumberRunner.runScenario(TestNGCucumberRunner.java:129)
at io.cucumber.testng.AbstractTestNGCucumberTests.runScenario(AbstractTestNGCucumberTests.java:35)
at java.base/java.util.ArrayList.forEach(ArrayList.java:1511)
at java.base/java.util.concurrent.FutureTask.run(FutureTask.java:264)
at java.base/java.util.concurrent.ThreadPoolExecutor.runWorker(ThreadPoolExecutor.java:1136)
at java.base/java.util.concurrent.ThreadPoolExecutor$Worker.run(ThreadPoolExecutor.java:635)
at java.base/java.lang.Thread.run(Thread.java:842)
... Removed 17 stack frames]]>
    </failure>
  </testcase> <!-- runScenario -->
  <testcase classname="io.cucumber.testng.AbstractTestNGCucumberTests" name="runScenario" time="16.671"/>
  <testcase classname="io.cucumber.testng.AbstractTestNGCucumberTests" name="runScenario" time="37.57"/>
  <testcase classname="io.cucumber.testng.AbstractTestNGCucumberTests" name="runScenario" time="40.237"/>
  <testcase classname="io.cucumber.testng.AbstractTestNGCucumberTests" name="runScenario" time="13.206"/>
  <testcase classname="io.cucumber.testng.AbstractTestNGCucumberTests" name="runScenario" time="15.186"/>
</testsuite> <!-- Edge -->
