<?xml version="1.0" encoding="UTF-8"?>
<!-- Generated by org.testng.reporters.JUnitXMLReporter -->
<testsuite ignored="0" hostname="DESKTOP-ER2N3OM" failures="1" tests="6" name="Firefox" time="212.617" errors="0" timestamp="2026-01-13T23:19:39 EST">
  <testcase classname="io.cucumber.testng.AbstractTestNGCucumberTests" name="runScenario" time="67.054"/>
  <testcase classname="io.cucumber.testng.AbstractTestNGCucumberTests" name="runScenario" time="18.222"/>
  <testcase classname="io.cucumber.testng.AbstractTestNGCucumberTests" name="runScenario" time="39.31"/>
  <testcase classname="io.cucumber.testng.AbstractTestNGCucumberTests" name="runScenario" time="36.602">
    <failure type="org.openqa.selenium.ElementClickInterceptedException" message="Element &amp;lt;button id=&amp;quot;button-payment-methods&amp;quot; class=&amp;quot;btn btn-primary&amp;quot; type=&amp;quot;button&amp;quot;&amp;gt; is not clickable at point (1381,528) because another element &amp;lt;div id=&amp;quot;modal-shipping&amp;quot; class=&amp;quot;modal show&amp;quot;&amp;gt; obscures it
Build info: version: &amp;apos;4.23.1&amp;apos;, revision: &amp;apos;656257d8e9&amp;apos;
System info: os.name: &amp;apos;Windows 10&amp;apos;, os.arch: &amp;apos;amd64&amp;apos;, os.version: &amp;apos;10.0&amp;apos;, java.version: &amp;apos;17.0.12&amp;apos;
Driver info: org.openqa.selenium.firefox.FirefoxDriver
Command: [0798a845-f83a-4d33-bd61-e0d6c21c6080, clickElement {id=efb9741c-b23b-464b-b71b-52aaf946a189}]
Capabilities {acceptInsecureCerts: true, browserName: firefox, browserVersion: 147.0, moz:accessibilityChecks: false, moz:buildID: 20260105210555, moz:geckodriverVersion: 0.36.0, moz:headless: false, moz:platformVersion: 10.0, moz:processID: 380, moz:profile: C:\Users\santo\AppData\Loca..., moz:shutdownTimeout: 60000, moz:webdriverClick: true, moz:windowless: false, pageLoadStrategy: normal, platformName: windows, proxy: Proxy(), setWindowRect: true, strictFileInteractability: false, timeouts: {implicit: 0, pageLoad: 300000, script: 30000}, unhandledPromptBehavior: dismiss and notify, userAgent: Mozilla/5.0 (Windows NT 10....}
Element: [[FirefoxDriver: firefox on windows (0798a845-f83a-4d33-bd61-e0d6c21c6080)] -&amp;gt; id: button-payment-methods]
Session ID: 0798a845-f83a-4d33-bd61-e0d6c21c6080">
      <![CDATA[org.openqa.selenium.ElementClickInterceptedException: Element <button id="button-payment-methods" class="btn btn-primary" type="button"> is not clickable at point (1381,528) because another element <div id="modal-shipping" class="modal show"> obscures it
Build info: version: '4.23.1', revision: '656257d8e9'
System info: os.name: 'Windows 10', os.arch: 'amd64', os.version: '10.0', java.version: '17.0.12'
Driver info: org.openqa.selenium.firefox.FirefoxDriver
Command: [0798a845-f83a-4d33-bd61-e0d6c21c6080, clickElement {id=efb9741c-b23b-464b-b71b-52aaf946a189}]
Capabilities {acceptInsecureCerts: true, browserName: firefox, browserVersion: 147.0, moz:accessibilityChecks: false, moz:buildID: 20260105210555, moz:geckodriverVersion: 0.36.0, moz:headless: false, moz:platformVersion: 10.0, moz:processID: 380, moz:profile: C:\Users\santo\AppData\Loca..., moz:shutdownTimeout: 60000, moz:webdriverClick: true, moz:windowless: false, pageLoadStrategy: normal, platformName: windows, proxy: Proxy(), setWindowRect: true, strictFileInteractability: false, timeouts: {implicit: 0, pageLoad: 300000, script: 30000}, unhandledPromptBehavior: dismiss and notify, userAgent: Mozilla/5.0 (Windows NT 10....}
Element: [[FirefoxDriver: firefox on windows (0798a845-f83a-4d33-bd61-e0d6c21c6080)] -> id: button-payment-methods]
Session ID: 0798a845-f83a-4d33-bd61-e0d6c21c6080
at org.openqa.selenium.remote.ErrorCodec.decode(ErrorCodec.java:167)
at org.openqa.selenium.remote.codec.w3c.W3CHttpResponseCodec.decode(W3CHttpResponseCodec.java:138)
at org.openqa.selenium.remote.codec.w3c.W3CHttpResponseCodec.decode(W3CHttpResponseCodec.java:50)
at org.openqa.selenium.remote.HttpCommandExecutor.execute(HttpCommandExecutor.java:190)
at org.openqa.selenium.remote.service.DriverCommandExecutor.invokeExecute(DriverCommandExecutor.java:216)
at org.openqa.selenium.remote.service.DriverCommandExecutor.execute(DriverCommandExecutor.java:174)
at org.openqa.selenium.remote.RemoteWebDriver.execute(RemoteWebDriver.java:545)
at org.openqa.selenium.remote.RemoteWebElement.execute(RemoteWebElement.java:223)
at org.openqa.selenium.remote.RemoteWebElement.click(RemoteWebElement.java:76)
at org.openqa.selenium.support.pagefactory.internal.LocatingElementHandler.invoke(LocatingElementHandler.java:51)
at jdk.proxy2/jdk.proxy2.$Proxy42.click(Unknown Source)
at pageObjects.CheckoutPage.completeCheckout(CheckoutPage.java:47)
at stepDefinitions.ShoppingSteps.user_enters_billing_and_shipping_details(ShoppingSteps.java:76)
at ✽.user enters billing and shipping details(file:///C:/Users/santo/eclipse-workspace/Bootcamp-AI-Driven-Automation/CloudBerry_BDD_Framework/src/test/resources/features/TC04_CompletePurchase.feature:14)
... Removed 8 stack frames]]>
    </failure>
  </testcase> <!-- runScenario -->
  <testcase classname="io.cucumber.testng.AbstractTestNGCucumberTests" name="runScenario" time="33.712"/>
  <testcase classname="io.cucumber.testng.AbstractTestNGCucumberTests" name="runScenario" time="16.252"/>
</testsuite> <!-- Firefox -->
