<?xml version="1.0" encoding="UTF-8"?>
<!-- Generated by org.testng.reporters.JUnitReportReporter -->
<testsuite hostname="DESKTOP-ER2N3OM" failures="0" tests="18" name="runners.TestRunner" time="532.748" errors="1" timestamp="2026-01-13T23:19:40 EST" skipped="0">
  <testcase classname="runners.TestRunner" name="runScenario" time="16.150"/>
  <testcase classname="runners.TestRunner" name="runScenario" time="15.158"/>
  <testcase classname="runners.TestRunner" name="runScenario" time="9.363"/>
  <testcase classname="runners.TestRunner" name="runScenario" time="25.294"/>
  <testcase classname="runners.TestRunner" name="runScenario" time="23.508"/>
  <testcase classname="runners.TestRunner" name="runScenario" time="42.813"/>
  <testcase classname="runners.TestRunner" name="runScenario" time="17.114"/>
  <testcase classname="runners.TestRunner" name="runScenario" time="39.310"/>
  <testcase classname="runners.TestRunner" name="runScenario" time="18.222"/>
  <testcase classname="runners.TestRunner" name="runScenario" time="47.092"/>
  <testcase classname="runners.TestRunner" name="runScenario" time="67.054"/>
  <testcase classname="runners.TestRunner" name="runScenario" time="16.252"/>
  <testcase classname="runners.TestRunner" name="runScenario" time="33.712"/>
  <testcase classname="runners.TestRunner" name="runScenario" time="36.602">
    <error message="Element &lt;button id=&quot;button-payment-methods&quot; class=&quot;btn btn-primary&quot; type=&quot;button&quot;&gt; is not clickable at point (1381,528) because another element &lt;div id=&quot;modal-shipping&quot; class=&quot;modal show&quot;&gt; obscures it
Build info: version: &#039;4.23.1&#039;, revision: &#039;656257d8e9&#039;
System info: os.name: &#039;Windows 10&#039;, os.arch: &#039;amd64&#039;, os.version: &#039;10.0&#039;, java.version: &#039;17.0.12&#039;
Driver info: org.openqa.selenium.firefox.FirefoxDriver
Command: [0798a845-f83a-4d33-bd61-e0d6c21c6080, clickElement {id=efb9741c-b23b-464b-b71b-52aaf946a189}]
Capabilities {acceptInsecureCerts: true, browserName: firefox, browserVersion: 147.0, moz:accessibilityChecks: false, moz:buildID: 20260105210555, moz:geckodriverVersion: 0.36.0, moz:headless: false, moz:platformVersion: 10.0, moz:processID: 380, moz:profile: C:\Users\santo\AppData\Loca..., moz:shutdownTimeout: 60000, moz:webdriverClick: true, moz:windowless: false, pageLoadStrategy: normal, platformName: windows, proxy: Proxy(), setWindowRect: true, strictFileInteractability: false, timeouts: {implicit: 0, pageLoad: 300000, script: 30000}, unhandledPromptBehavior: dismiss and notify, userAgent: Mozilla/5.0 (Windows NT 10....}
Element: [[FirefoxDriver: firefox on windows (0798a845-f83a-4d33-bd61-e0d6c21c6080)] -&gt; id: button-payment-methods]
Session ID: 0798a845-f83a-4d33-bd61-e0d6c21c6080" type="org.openqa.selenium.ElementClickInterceptedException">
      <![CDATA[org.openqa.selenium.ElementClickInterceptedException: Element <button id="button-payment-methods" class="btn btn-primary" type="button"> is not clickable at point (1381,528) because another element <div id="modal-shipping" class="modal show"> obscures it
Build info: version: '4.23.1', revision: '656257d8e9'
System info: os.name: 'Windows 10', os.arch: 'amd64', os.version: '10.0', java.version: '17.0.12'
Driver info: org.openqa.selenium.firefox.FirefoxDriver
Command: [0798a845-f83a-4d33-bd61-e0d6c21c6080, clickElement {id=efb9741c-b23b-464b-b71b-52aaf946a189}]
Capabilities {acceptInsecureCerts: true, browserName: firefox, browserVersion: 147.0, moz:accessibilityChecks: false, moz:buildID: 20260105210555, moz:geckodriverVersion: 0.36.0, moz:headless: false, moz:platformVersion: 10.0, moz:processID: 380, moz:profile: C:\Users\santo\AppData\Loca..., moz:shutdownTimeout: 60000, moz:webdriverClick: true, moz:windowless: false, pageLoadStrategy: normal, platformName: windows, proxy: Proxy(), setWindowRect: true, strictFileInteractability: false, timeouts: {implicit: 0, pageLoad: 300000, script: 30000}, unhandledPromptBehavior: dismiss and notify, userAgent: Mozilla/5.0 (Windows NT 10....}
Element: [[FirefoxDriver: firefox on windows (0798a845-f83a-4d33-bd61-e0d6c21c6080)] -> id: button-payment-methods]
Session ID: 0798a845-f83a-4d33-bd61-e0d6c21c6080
at java.base/jdk.internal.reflect.NativeConstructorAccessorImpl.newInstance0(Native Method)
at java.base/jdk.internal.reflect.NativeConstructorAccessorImpl.newInstance(NativeConstructorAccessorImpl.java:77)
at java.base/jdk.internal.reflect.DelegatingConstructorAccessorImpl.newInstance(DelegatingConstructorAccessorImpl.java:45)
at java.base/java.lang.reflect.Constructor.newInstanceWithCaller(Constructor.java:499)
at java.base/java.lang.reflect.Constructor.newInstance(Constructor.java:480)
at org.openqa.selenium.remote.ErrorCodec.decode(ErrorCodec.java:167)
at org.openqa.selenium.remote.codec.w3c.W3CHttpResponseCodec.decode(W3CHttpResponseCodec.java:138)
at org.openqa.selenium.remote.codec.w3c.W3CHttpResponseCodec.decode(W3CHttpResponseCodec.java:50)
at org.openqa.selenium.remote.HttpCommandExecutor.execute(HttpCommandExecutor.java:190)
at org.openqa.selenium.remote.service.DriverCommandExecutor.invokeExecute(DriverCommandExecutor.java:216)
at org.openqa.selenium.remote.service.DriverCommandExecutor.execute(DriverCommandExecutor.java:174)
at org.openqa.selenium.remote.RemoteWebDriver.execute(RemoteWebDriver.java:545)
at org.openqa.selenium.remote.RemoteWebElement.execute(RemoteWebElement.java:223)
at org.openqa.selenium.remote.RemoteWebElement.click(RemoteWebElement.java:76)
at jdk.internal.reflect.GeneratedMethodAccessor93.invoke(Unknown Source)
at java.base/jdk.internal.reflect.DelegatingMethodAccessorImpl.invoke(DelegatingMethodAccessorImpl.java:43)
at java.base/java.lang.reflect.Method.invoke(Method.java:568)
at org.openqa.selenium.support.pagefactory.internal.LocatingElementHandler.invoke(LocatingElementHandler.java:51)
at jdk.proxy2/jdk.proxy2.$Proxy42.click(Unknown Source)
at pageObjects.CheckoutPage.completeCheckout(CheckoutPage.java:47)
at stepDefinitions.ShoppingSteps.user_enters_billing_and_shipping_details(ShoppingSteps.java:76)
at ✽.user enters billing and shipping details(file:///C:/Users/santo/eclipse-workspace/Bootcamp-AI-Driven-Automation/CloudBerry_BDD_Framework/src/test/resources/features/TC04_CompletePurchase.feature:14)
]]>
    </error>
  </testcase> <!-- runScenario -->
  <testcase classname="runners.TestRunner" name="runScenario" time="11.558"/>
  <testcase classname="runners.TestRunner" name="runScenario" time="49.459"/>
  <testcase classname="runners.TestRunner" name="runScenario" time="39.655"/>
  <testcase classname="runners.TestRunner" name="runScenario" time="24.432"/>
</testsuite> <!-- runners.TestRunner -->
